[2025-06-04 12:47:24] 대출 실패
[2025-06-04 12:53:18] 대출 실패
[2025-06-04 12:59:10] 대출 실패
[2025-06-04 12:59:14] 대출 실패
[2025-06-04 12:59:56] 대출 실패
[2025-06-04 13:00:28] 대출 실패
[2025-06-04 13:09:51] 대출 실패
[2025-06-04 13:09:55] 대출 실패
[2025-06-04 13:09:58] 대출 실패
[2025-06-06 14:08:52] 대출 성공: 사용자 2 대출도서 7.
[2025-06-06 14:08:55] 대출 실패
[2025-06-09 19:51:53] 대출 실패
[2025-06-09 19:53:22] 대출 실패
[2025-06-09 19:53:37] 대출 실패
[2025-06-09 20:07:48] 대출 성공: 사용자 0 대출도서 7.
[2025-06-10 11:01:56] 대출 성공: 사용자 ID 0, 도서 ID 71 대출 완료.
[2025-06-10 11:20:10] 대출 실패: 존재하지 않는 관리번호(LIB-9999999) 시도
[2025-06-10 11:20:13] 대출 실패: 존재하지 않는 관리번호(LIB-9999999) 시도
[2025-06-10 13:00:33] 대출 실패: 이미 대출 중인 도서(관리번호: LIB-00002) 시도
[2025-06-10 14:21:15] 대출 성공: 사용자 ID 0, 도서(관리번호: LIB-00060) 대출 완료.
[2025-06-10 14:33:51] 대출 실패: 이미 대출 중인 도서(관리번호: LIB-00057) 시도
[2025-06-10 14:55:17] 반납 성공: 도서(관리번호: LIB-00003) 반납 완료.
